2014-07-22 16:36:09.897 TestApp[3317:70b] Multi-tasking -> Device: YES, App: YES
2014-07-22 16:36:10.168 TestApp[3317:70b] Unlimited access to network resources
2014-07-22 16:36:10.186 TestApp[3317:70b] 

Started backup to iCloud! Please be careful.
Your application might rejected by Apple if you store too much data.
For more information please read "iOS Data Storage Guidelines"
You could find it at the following address https://developer.apple.com/icloud/documentation/data-storage/ .

2014-07-22 16:36:10.793 TestApp[3317:70b] Resetting plugins due to page load.
2014-07-22 16:36:11.612 TestApp[3317:70b] Finished load of: file:///Users/javierpradoecheverria/Library/Application%20Support/iPhone%20Simulator/7.1/Applications/AEF0593D-3A62-4044-94D4-8AC27EE830CA/TestApp.app/www/index.html
2014-08-04 15:25:08.173 TestApp[1696:70b] Multi-tasking -> Device: YES, App: YES
2014-08-04 15:25:08.403 TestApp[1696:70b] Unlimited access to network resources
2014-08-04 15:25:08.474 TestApp[1696:70b] 

Started backup to iCloud! Please be careful.
Your application might rejected by Apple if you store too much data.
For more information please read "iOS Data Storage Guidelines"
You could find it at the following address https://developer.apple.com/icloud/documentation/data-storage/ .

2014-08-04 15:25:11.901 TestApp[1696:70b] Resetting plugins due to page load.
2014-08-04 15:25:13.157 TestApp[1696:70b] Finished load of: file:///Users/javierpradoecheverria/Library/Application%20Support/iPhone%20Simulator/7.1/Applications/AEF0593D-3A62-4044-94D4-8AC27EE830CA/TestApp.app/www/index.html
2014-08-04 15:36:02.964 TestApp[2335:70b] Multi-tasking -> Device: YES, App: YES
2014-08-04 15:36:02.973 TestApp[2335:70b] Unlimited access to network resources
2014-08-04 15:36:02.981 TestApp[2335:70b] 

Started backup to iCloud! Please be careful.
Your application might rejected by Apple if you store too much data.
For more information please read "iOS Data Storage Guidelines"
You could find it at the following address https://developer.apple.com/icloud/documentation/data-storage/ .

2014-08-04 15:36:03.053 TestApp[2335:70b] Resetting plugins due to page load.
2014-08-04 15:36:03.254 TestApp[2335:70b] Finished load of: file:///Users/javierpradoecheverria/Library/Application%20Support/iPhone%20Simulator/7.1/Applications/AEF0593D-3A62-4044-94D4-8AC27EE830CA/TestApp.app/www/index.html
2014-09-10 16:37:08.314 TestApp[1538:70b] Multi-tasking -> Device: YES, App: YES
2014-09-10 16:37:09.028 TestApp[1538:70b] Unlimited access to network resources
2014-09-10 16:37:09.146 TestApp[1538:70b] 

Started backup to iCloud! Please be careful.
Your application might rejected by Apple if you store too much data.
For more information please read "iOS Data Storage Guidelines"
You could find it at the following address https://developer.apple.com/icloud/documentation/data-storage/ .

2014-09-10 16:37:14.996 TestApp[1538:70b] Resetting plugins due to page load.
2014-09-10 16:37:16.742 TestApp[1538:70b] Finished load of: file:///Users/javierpradoecheverria/Library/Application%20Support/iPhone%20Simulator/7.1/Applications/AEF0593D-3A62-4044-94D4-8AC27EE830CA/TestApp.app/www/index.html
2014-09-10 17:20:43.219 TestApp[4223:70b] Multi-tasking -> Device: YES, App: YES
2014-09-10 17:20:43.239 TestApp[4223:70b] Unlimited access to network resources
2014-09-10 17:20:43.255 TestApp[4223:70b] 

Started backup to iCloud! Please be careful.
Your application might rejected by Apple if you store too much data.
For more information please read "iOS Data Storage Guidelines"
You could find it at the following address https://developer.apple.com/icloud/documentation/data-storage/ .

2014-09-10 17:20:44.073 TestApp[4223:70b] Resetting plugins due to page load.
2014-09-10 17:20:44.416 TestApp[4223:70b] Finished load of: file:///Users/javierpradoecheverria/Library/Application%20Support/iPhone%20Simulator/7.1/Applications/AEF0593D-3A62-4044-94D4-8AC27EE830CA/TestApp.app/www/index.html
2014-09-10 17:24:26.733 TestApp[4461:70b] Multi-tasking -> Device: YES, App: YES
2014-09-10 17:24:26.740 TestApp[4461:70b] Unlimited access to network resources
2014-09-10 17:24:26.743 TestApp[4461:70b] 

Started backup to iCloud! Please be careful.
Your application might rejected by Apple if you store too much data.
For more information please read "iOS Data Storage Guidelines"
You could find it at the following address https://developer.apple.com/icloud/documentation/data-storage/ .

2014-09-10 17:24:26.858 TestApp[4461:70b] Resetting plugins due to page load.
2014-09-10 17:24:27.059 TestApp[4461:70b] Finished load of: file:///Users/javierpradoecheverria/Library/Application%20Support/iPhone%20Simulator/7.1/Applications/AEF0593D-3A62-4044-94D4-8AC27EE830CA/TestApp.app/www/index.html
2014-09-10 17:26:10.165 TestApp[4624:70b] Multi-tasking -> Device: YES, App: YES
2014-09-10 17:26:10.174 TestApp[4624:70b] Unlimited access to network resources
2014-09-10 17:26:10.177 TestApp[4624:70b] 

Started backup to iCloud! Please be careful.
Your application might rejected by Apple if you store too much data.
For more information please read "iOS Data Storage Guidelines"
You could find it at the following address https://developer.apple.com/icloud/documentation/data-storage/ .

2014-09-10 17:26:10.239 TestApp[4624:70b] Resetting plugins due to page load.
2014-09-10 17:26:10.441 TestApp[4624:70b] Finished load of: file:///Users/javierpradoecheverria/Library/Application%20Support/iPhone%20Simulator/7.1/Applications/AEF0593D-3A62-4044-94D4-8AC27EE830CA/TestApp.app/www/index.html
2014-09-10 17:27:07.495 TestApp[4717:70b] Multi-tasking -> Device: YES, App: YES
2014-09-10 17:27:07.502 TestApp[4717:70b] Unlimited access to network resources
2014-09-10 17:27:07.505 TestApp[4717:70b] 

Started backup to iCloud! Please be careful.
Your application might rejected by Apple if you store too much data.
For more information please read "iOS Data Storage Guidelines"
You could find it at the following address https://developer.apple.com/icloud/documentation/data-storage/ .

2014-09-10 17:27:07.876 TestApp[4717:70b] Resetting plugins due to page load.
2014-09-10 17:27:08.077 TestApp[4717:70b] Finished load of: file:///Users/javierpradoecheverria/Library/Application%20Support/iPhone%20Simulator/7.1/Applications/91371533-EAE9-430B-813E-05A3BD66D512/TestApp.app/www/index.html
2014-09-10 17:50:46.072 TestApp[5250:70b] Multi-tasking -> Device: YES, App: YES
2014-09-10 17:50:46.103 TestApp[5250:70b] Unlimited access to network resources
2014-09-10 17:50:46.125 TestApp[5250:70b] 

Started backup to iCloud! Please be careful.
Your application might rejected by Apple if you store too much data.
For more information please read "iOS Data Storage Guidelines"
You could find it at the following address https://developer.apple.com/icloud/documentation/data-storage/ .

2014-09-10 17:50:47.411 TestApp[5250:70b] Resetting plugins due to page load.
2014-09-10 17:50:48.213 TestApp[5250:70b] Finished load of: file:///Users/javierpradoecheverria/Library/Application%20Support/iPhone%20Simulator/7.1/Applications/91371533-EAE9-430B-813E-05A3BD66D512/TestApp.app/www/index.html
2014-09-10 20:54:50.090 TestApp[6835:70b] Multi-tasking -> Device: YES, App: YES
2014-09-10 20:54:50.386 TestApp[6835:70b] Unlimited access to network resources
2014-09-10 20:54:50.389 TestApp[6835:70b] 

Started backup to iCloud! Please be careful.
Your application might rejected by Apple if you store too much data.
For more information please read "iOS Data Storage Guidelines"
You could find it at the following address https://developer.apple.com/icloud/documentation/data-storage/ .

2014-09-10 20:54:50.498 TestApp[6835:70b] Resetting plugins due to page load.
2014-09-10 20:54:52.003 TestApp[6835:70b] Finished load of: file:///Users/javierpradoecheverria/Library/Application%20Support/iPhone%20Simulator/7.1/Applications/52515F7C-F028-4E1E-920F-D1CD9BEA33CD/TestApp.app/www/index.html
2014-09-10 21:31:38.858 TestApp[7556:70b] Multi-tasking -> Device: YES, App: YES
2014-09-10 21:31:38.879 TestApp[7556:70b] Unlimited access to network resources
2014-09-10 21:31:38.883 TestApp[7556:70b] 

Started backup to iCloud! Please be careful.
Your application might rejected by Apple if you store too much data.
For more information please read "iOS Data Storage Guidelines"
You could find it at the following address https://developer.apple.com/icloud/documentation/data-storage/ .

2014-09-10 21:31:39.193 TestApp[7556:70b] Resetting plugins due to page load.
2014-09-10 21:31:39.986 TestApp[7556:70b] Finished load of: file:///Users/javierpradoecheverria/Library/Application%20Support/iPhone%20Simulator/7.1/Applications/BB071E8B-A24C-49A9-94B5-A698D892C85B/TestApp.app/www/index.html
2014-09-12 19:01:45.216 TestApp[1809:70b] Multi-tasking -> Device: YES, App: YES
2014-09-12 19:01:45.316 TestApp[1809:70b] 

Started backup to iCloud! Please be careful.
Your application might rejected by Apple if you store too much data.
For more information please read "iOS Data Storage Guidelines"
You could find it at the following address https://developer.apple.com/icloud/documentation/data-storage/ .

2014-09-12 19:01:49.047 TestApp[1809:70b] Resetting plugins due to page load.
2014-09-12 19:01:49.885 TestApp[1809:70b] Finished load of: file:///Users/javierpradoecheverria/Library/Application%20Support/iPhone%20Simulator/7.1/Applications/BB071E8B-A24C-49A9-94B5-A698D892C85B/TestApp.app/www/index.html
Terminating in response to SpringBoard's termination.
